# JRE version: OpenJDK Runtime Environment Temurin-11.0.19+7 (11.0.19+7) (build 11.0.19+7)
# Java VM: OpenJDK 64-Bit Server VM Temurin-11.0.19+7 (11.0.19+7, mixed mode, tiered, compressed oops, g1 gc, windows-amd64)
Heap:
 garbage-first heap   total 262144K, used 154246K [0x00000000e0000000, 0x0000000100000000)
  region size 1024K, 24 young (24576K), 1 survivors (1024K)
 Metaspace       used 106618K, capacity 110837K, committed 111100K, reserved 352256K
  class space    used 13091K, capacity 14680K, committed 14720K, reserved 253952K
GC Heap History (20 events):
Event: 2526.321 GC heap before
{Heap before GC invocations=31 (full 0):
 garbage-first heap   total 262144K, used 135987K [0x00000000e0000000, 0x0000000100000000)
  region size 1024K, 12 young (12288K), 8 survivors (8192K)
 Metaspace       used 97082K, capacity 100264K, committed 103164K, reserved 344064K
  class space    used 11995K, capacity 13149K, committed 13696K, reserved 253952K
}
Event: 2526.436 GC heap after
{Heap after GC invocations=32 (full 0):
 garbage-first heap   total 262144K, used 124736K [0x00000000e0000000, 0x0000000100000000)
  region size 1024K, 2 young (2048K), 2 survivors (2048K)
 Metaspace       used 97082K, capacity 100264K, committed 103164K, reserved 344064K
  class space    used 11995K, capacity 13149K, committed 13696K, reserved 253952K
}
Event: 3557.339 GC heap before
{Heap before GC invocations=32 (full 0):
 garbage-first heap   total 262144K, used 216896K [0x00000000e0000000, 0x0000000100000000)
  region size 1024K, 93 young (95232K), 2 survivors (2048K)
 Metaspace       used 97814K, capacity 101257K, committed 103164K, reserved 344064K
  class space    used 12057K, capacity 13250K, committed 13696K, reserved 253952K
}
Event: 3557.507 GC heap after
{Heap after GC invocations=33 (full 0):
 garbage-first heap   total 262144K, used 128403K [0x00000000e0000000, 0x0000000100000000)
  region size 1024K, 6 young (6144K), 6 survivors (6144K)
 Metaspace       used 97814K, capacity 101257K, committed 103164K, reserved 344064K
  class space    used 12057K, capacity 13250K, committed 13696K, reserved 253952K
}
Event: 4875.161 GC heap before
{Heap before GC invocations=34 (full 0):
 garbage-first heap   total 262144K, used 217491K [0x00000000e0000000, 0x0000000100000000)
  region size 1024K, 94 young (96256K), 6 survivors (6144K)
 Metaspace       used 100678K, capacity 104255K, committed 104572K, reserved 346112K
  class space    used 12406K, capacity 13698K, committed 13824K, reserved 253952K
}
Event: 4875.275 GC heap after
{Heap after GC invocations=35 (full 0):
 garbage-first heap   total 262144K, used 132809K [0x00000000e0000000, 0x0000000100000000)
  region size 1024K, 10 young (10240K), 10 survivors (10240K)
 Metaspace       used 100678K, capacity 104255K, committed 104572K, reserved 346112K
  class space    used 12406K, capacity 13698K, committed 13824K, reserved 253952K
}
Event: 4875.303 GC heap before
{Heap before GC invocations=35 (full 0):
 garbage-first heap   total 262144K, used 134857K [0x00000000e0000000, 0x0000000100000000)
  region size 1024K, 12 young (12288K), 10 survivors (10240K)
 Metaspace       used 100681K, capacity 104261K, committed 104572K, reserved 346112K
  class space    used 12407K, capacity 13700K, committed 13824K, reserved 253952K
}
Event: 4875.474 GC heap after
{Heap after GC invocations=36 (full 0):
 garbage-first heap   total 262144K, used 128226K [0x00000000e0000000, 0x0000000100000000)
  region size 1024K, 1 young (1024K), 1 survivors (1024K)
 Metaspace       used 100681K, capacity 104261K, committed 104572K, reserved 346112K
  class space    used 12407K, capacity 13700K, committed 13824K, reserved 253952K
}
Event: 4993.249 GC heap before
{Heap before GC invocations=36 (full 0):
 garbage-first heap   total 262144K, used 217314K [0x00000000e0000000, 0x0000000100000000)
  region size 1024K, 88 young (90112K), 1 survivors (1024K)
 Metaspace       used 102491K, capacity 106787K, committed 106876K, reserved 348160K
  class space    used 12704K, capacity 14261K, committed 14336K, reserved 253952K
}
Event: 4993.289 GC heap after
{Heap after GC invocations=37 (full 0):
 garbage-first heap   total 262144K, used 133346K [0x00000000e0000000, 0x0000000100000000)
  region size 1024K, 6 young (6144K), 6 survivors (6144K)
 Metaspace       used 102491K, capacity 106787K, committed 106876K, reserved 348160K
  class space    used 12704K, capacity 14261K, committed 14336K, reserved 253952K
}
Event: 5951.710 GC heap before
{Heap before GC invocations=38 (full 0):
 garbage-first heap   total 262144K, used 217314K [0x00000000e0000000, 0x0000000100000000)
  region size 1024K, 89 young (91136K), 6 survivors (6144K)
 Metaspace       used 102460K, capacity 106207K, committed 107132K, reserved 348160K
  class space    used 12608K, capacity 14020K, committed 14336K, reserved 253952K
}
Event: 5951.821 GC heap after
{Heap after GC invocations=39 (full 0):
 garbage-first heap   total 262144K, used 136911K [0x00000000e0000000, 0x0000000100000000)
  region size 1024K, 10 young (10240K), 10 survivors (10240K)
 Metaspace       used 102460K, capacity 106207K, committed 107132K, reserved 348160K
  class space    used 12608K, capacity 14020K, committed 14336K, reserved 253952K
}
Event: 5951.862 GC heap before
{Heap before GC invocations=39 (full 0):
 garbage-first heap   total 262144K, used 138959K [0x00000000e0000000, 0x0000000100000000)
  region size 1024K, 12 young (12288K), 10 survivors (10240K)
 Metaspace       used 102461K, capacity 106207K, committed 107132K, reserved 348160K
  class space    used 12608K, capacity 14020K, committed 14336K, reserved 253952K
}
Event: 5952.019 GC heap after
{Heap after GC invocations=40 (full 0):
 garbage-first heap   total 262144K, used 129563K [0x00000000e0000000, 0x0000000100000000)
  region size 1024K, 1 young (1024K), 1 survivors (1024K)
 Metaspace       used 102461K, capacity 106207K, committed 107132K, reserved 348160K
  class space    used 12608K, capacity 14020K, committed 14336K, reserved 253952K
}
Event: 6873.267 GC heap before
{Heap before GC invocations=40 (full 0):
 garbage-first heap   total 262144K, used 215579K [0x00000000e0000000, 0x0000000100000000)
  region size 1024K, 86 young (88064K), 1 survivors (1024K)
 Metaspace       used 103918K, capacity 107977K, committed 108156K, reserved 348160K
  class space    used 12765K, capacity 14274K, committed 14336K, reserved 253952K
}
Event: 6873.347 GC heap after
{Heap after GC invocations=41 (full 0):
 garbage-first heap   total 262144K, used 133659K [0x00000000e0000000, 0x0000000100000000)
  region size 1024K, 5 young (5120K), 5 survivors (5120K)
 Metaspace       used 103918K, capacity 107977K, committed 108156K, reserved 348160K
  class space    used 12765K, capacity 14274K, committed 14336K, reserved 253952K
}
Event: 6977.352 GC heap before
{Heap before GC invocations=42 (full 0):
 garbage-first heap   total 262144K, used 217627K [0x00000000e0000000, 0x0000000100000000)
  region size 1024K, 88 young (90112K), 5 survivors (5120K)
 Metaspace       used 106418K, capacity 110571K, committed 110844K, reserved 350208K
  class space    used 13073K, capacity 14646K, committed 14720K, reserved 253952K
}
Event: 6977.430 GC heap after
{Heap after GC invocations=43 (full 0):
 garbage-first heap   total 262144K, used 138171K [0x00000000e0000000, 0x0000000100000000)
  region size 1024K, 10 young (10240K), 10 survivors (10240K)
 Metaspace       used 106418K, capacity 110571K, committed 110844K, reserved 350208K
  class space    used 13073K, capacity 14646K, committed 14720K, reserved 253952K
}
Event: 6991.397 GC heap before
{Heap before GC invocations=43 (full 0):
 garbage-first heap   total 262144K, used 139195K [0x00000000e0000000, 0x0000000100000000)
  region size 1024K, 12 young (12288K), 10 survivors (10240K)
 Metaspace       used 106431K, capacity 110571K, committed 110844K, reserved 350208K
  class space    used 13073K, capacity 14646K, committed 14720K, reserved 253952K
}
Event: 6991.549 GC heap after
{Heap after GC invocations=44 (full 0):
 garbage-first heap   total 262144K, used 132742K [0x00000000e0000000, 0x0000000100000000)
  region size 1024K, 1 young (1024K), 1 survivors (1024K)
 Metaspace       used 106431K, capacity 110571K, committed 110844K, reserved 350208K
  class space    used 13073K, capacity 14646K, committed 14720K, reserved 253952K
}

