# JRE version: OpenJDK Runtime Environment Temurin-11.0.19+7 (11.0.19+7) (build 11.0.19+7)
# Java VM: OpenJDK 64-Bit Server VM Temurin-11.0.19+7 (11.0.19+7, mixed mode, tiered, compressed oops, g1 gc, windows-amd64)
Heap:
 garbage-first heap   total 262144K, used 137655K [0x00000000e0000000, 0x0000000100000000)
  region size 1024K, 108 young (110592K), 8 survivors (8192K)
 Metaspace       used 61529K, capacity 63799K, committed 63952K, reserved 309248K
  class space    used 8119K, capacity 8972K, committed 9088K, reserved 253952K
GC Heap History (20 events):
Event: 1.692 GC heap before
{Heap before GC invocations=1 (full 0):
 garbage-first heap   total 262144K, used 15448K [0x00000000e0000000, 0x0000000100000000)
  region size 1024K, 12 young (12288K), 2 survivors (2048K)
 Metaspace       used 9916K, capacity 10165K, committed 10368K, reserved 264192K
  class space    used 987K, capacity 1072K, committed 1152K, reserved 253952K
}
Event: 1.703 GC heap after
{Heap after GC invocations=2 (full 0):
 garbage-first heap   total 262144K, used 9579K [0x00000000e0000000, 0x0000000100000000)
  region size 1024K, 2 young (2048K), 2 survivors (2048K)
 Metaspace       used 9916K, capacity 10165K, committed 10368K, reserved 264192K
  class space    used 987K, capacity 1072K, committed 1152K, reserved 253952K
}
Event: 2.563 GC heap before
{Heap before GC invocations=2 (full 0):
 garbage-first heap   total 262144K, used 24939K [0x00000000e0000000, 0x0000000100000000)
  region size 1024K, 17 young (17408K), 2 survivors (2048K)
 Metaspace       used 11237K, capacity 11507K, committed 11776K, reserved 266240K
  class space    used 1146K, capacity 1242K, committed 1280K, reserved 253952K
}
Event: 2.568 GC heap after
{Heap after GC invocations=3 (full 0):
 garbage-first heap   total 262144K, used 10025K [0x00000000e0000000, 0x0000000100000000)
  region size 1024K, 1 young (1024K), 1 survivors (1024K)
 Metaspace       used 11237K, capacity 11507K, committed 11776K, reserved 266240K
  class space    used 1146K, capacity 1242K, committed 1280K, reserved 253952K
}
Event: 3.358 GC heap before
{Heap before GC invocations=3 (full 0):
 garbage-first heap   total 262144K, used 30505K [0x00000000e0000000, 0x0000000100000000)
  region size 1024K, 21 young (21504K), 1 survivors (1024K)
 Metaspace       used 11351K, capacity 11635K, committed 11776K, reserved 266240K
  class space    used 1149K, capacity 1242K, committed 1280K, reserved 253952K
}
Event: 3.370 GC heap after
{Heap after GC invocations=4 (full 0):
 garbage-first heap   total 262144K, used 14429K [0x00000000e0000000, 0x0000000100000000)
  region size 1024K, 3 young (3072K), 3 survivors (3072K)
 Metaspace       used 11351K, capacity 11635K, committed 11776K, reserved 266240K
  class space    used 1149K, capacity 1242K, committed 1280K, reserved 253952K
}
Event: 6.188 GC heap before
{Heap before GC invocations=4 (full 0):
 garbage-first heap   total 262144K, used 42077K [0x00000000e0000000, 0x0000000100000000)
  region size 1024K, 30 young (30720K), 3 survivors (3072K)
 Metaspace       used 16879K, capacity 17261K, committed 17408K, reserved 270336K
  class space    used 1912K, capacity 2034K, committed 2048K, reserved 253952K
}
Event: 6.200 GC heap after
{Heap after GC invocations=5 (full 0):
 garbage-first heap   total 262144K, used 16337K [0x00000000e0000000, 0x0000000100000000)
  region size 1024K, 2 young (2048K), 2 survivors (2048K)
 Metaspace       used 16879K, capacity 17261K, committed 17408K, reserved 270336K
  class space    used 1912K, capacity 2034K, committed 2048K, reserved 253952K
}
Event: 7.154 GC heap before
{Heap before GC invocations=5 (full 0):
 garbage-first heap   total 262144K, used 47057K [0x00000000e0000000, 0x0000000100000000)
  region size 1024K, 33 young (33792K), 2 survivors (2048K)
 Metaspace       used 20692K, capacity 21117K, committed 21296K, reserved 274432K
  class space    used 2475K, capacity 2619K, committed 2688K, reserved 253952K
}
Event: 7.169 GC heap after
{Heap after GC invocations=6 (full 0):
 garbage-first heap   total 262144K, used 17713K [0x00000000e0000000, 0x0000000100000000)
  region size 1024K, 4 young (4096K), 4 survivors (4096K)
 Metaspace       used 20692K, capacity 21117K, committed 21296K, reserved 274432K
  class space    used 2475K, capacity 2619K, committed 2688K, reserved 253952K
}
Event: 8.551 GC heap before
{Heap before GC invocations=7 (full 0):
 garbage-first heap   total 262144K, used 60721K [0x00000000e0000000, 0x0000000100000000)
  region size 1024K, 46 young (47104K), 4 survivors (4096K)
 Metaspace       used 24844K, capacity 25462K, committed 25648K, reserved 276480K
  class space    used 3142K, capacity 3352K, committed 3456K, reserved 253952K
}
Event: 8.568 GC heap after
{Heap after GC invocations=8 (full 0):
 garbage-first heap   total 262144K, used 19056K [0x00000000e0000000, 0x0000000100000000)
  region size 1024K, 3 young (3072K), 3 survivors (3072K)
 Metaspace       used 24844K, capacity 25462K, committed 25648K, reserved 276480K
  class space    used 3142K, capacity 3352K, committed 3456K, reserved 253952K
}
Event: 11.490 GC heap before
{Heap before GC invocations=8 (full 0):
 garbage-first heap   total 262144K, used 97904K [0x00000000e0000000, 0x0000000100000000)
  region size 1024K, 81 young (82944K), 3 survivors (3072K)
 Metaspace       used 35024K, capacity 35799K, committed 35920K, reserved 286720K
  class space    used 4484K, capacity 4804K, committed 4864K, reserved 253952K
}
Event: 11.517 GC heap after
{Heap after GC invocations=9 (full 0):
 garbage-first heap   total 262144K, used 22568K [0x00000000e0000000, 0x0000000100000000)
  region size 1024K, 7 young (7168K), 7 survivors (7168K)
 Metaspace       used 35024K, capacity 35799K, committed 35920K, reserved 286720K
  class space    used 4484K, capacity 4804K, committed 4864K, reserved 253952K
}
Event: 15.099 GC heap before
{Heap before GC invocations=10 (full 0):
 garbage-first heap   total 262144K, used 123944K [0x00000000e0000000, 0x0000000100000000)
  region size 1024K, 103 young (105472K), 7 survivors (7168K)
 Metaspace       used 45319K, capacity 46409K, committed 46544K, reserved 294912K
  class space    used 5731K, capacity 6161K, committed 6272K, reserved 253952K
}
Event: 15.159 GC heap after
{Heap after GC invocations=11 (full 0):
 garbage-first heap   total 262144K, used 28451K [0x00000000e0000000, 0x0000000100000000)
  region size 1024K, 12 young (12288K), 12 survivors (12288K)
 Metaspace       used 45319K, capacity 46409K, committed 46544K, reserved 294912K
  class space    used 5731K, capacity 6161K, committed 6272K, reserved 253952K
}
Event: 19.236 GC heap before
{Heap before GC invocations=11 (full 0):
 garbage-first heap   total 262144K, used 156451K [0x00000000e0000000, 0x0000000100000000)
  region size 1024K, 137 young (140288K), 12 survivors (12288K)
 Metaspace       used 55620K, capacity 57257K, committed 57552K, reserved 305152K
  class space    used 7316K, capacity 7987K, committed 8064K, reserved 253952K
}
Event: 19.298 GC heap after
{Heap after GC invocations=12 (full 0):
 garbage-first heap   total 262144K, used 34483K [0x00000000e0000000, 0x0000000100000000)
  region size 1024K, 12 young (12288K), 12 survivors (12288K)
 Metaspace       used 55620K, capacity 57257K, committed 57552K, reserved 305152K
  class space    used 7316K, capacity 7987K, committed 8064K, reserved 253952K
}
Event: 23.005 GC heap before
{Heap before GC invocations=12 (full 0):
 garbage-first heap   total 262144K, used 69299K [0x00000000e0000000, 0x0000000100000000)
  region size 1024K, 47 young (48128K), 12 survivors (12288K)
 Metaspace       used 58296K, capacity 60155K, committed 60240K, reserved 307200K
  class space    used 7698K, capacity 8441K, committed 8448K, reserved 253952K
}
Event: 23.047 GC heap after
{Heap after GC invocations=13 (full 0):
 garbage-first heap   total 262144K, used 36279K [0x00000000e0000000, 0x0000000100000000)
  region size 1024K, 8 young (8192K), 8 survivors (8192K)
 Metaspace       used 58296K, capacity 60155K, committed 60240K, reserved 307200K
  class space    used 7698K, capacity 8441K, committed 8448K, reserved 253952K
}

